<?xml version="1.0" encoding="UTF-8"?>
<testsuite name="stqa.mantis.tests.LoginTests" tests="1" skipped="0" failures="0" errors="0" timestamp="2020-10-06T20:15:54" hostname="YARO" time="0.727">
  <properties/>
  <testcase name="testLogin" classname="stqa.mantis.tests.LoginTests" time="0.727"/>
  <system-out><![CDATA[]]></system-out>
  <system-err><![CDATA[]]></system-err>
</testsuite>
